<?xml version="1.0" encoding="UTF-8"?>
<!-- Generated by org.testng.reporters.JUnitReportReporter -->
<testsuite hostname="Yuvraj" failures="0" tests="1" name="tests.GetAndPostExamples" time="4.670" errors="0" timestamp="2025-02-06T12:33:26 IST" skipped="0">
  <testcase classname="tests.GetAndPostExamples" name="testPost" time="4.670"/>
</testsuite> <!-- tests.GetAndPostExamples -->
