<?xml version="1.0" encoding="UTF-8"?>
<!-- Generated by org.testng.reporters.JUnitReportReporter -->
<testsuite hostname="Yuvraj" failures="0" tests="2" name="tests.TestsExamples" time="7.396" errors="0" timestamp="2025-02-05T23:01:01 IST" skipped="0">
  <testcase classname="tests.TestsExamples" name="test_1" time="4.939"/>
  <testcase classname="tests.TestsExamples" name="test_2" time="2.457"/>
</testsuite> <!-- tests.TestsExamples -->
