<?xml version="1.0" encoding="UTF-8"?>
<!-- Generated by org.testng.reporters.JUnitReportReporter -->
<testsuite hostname="Yuvraj" failures="0" tests="2" name="tests.PutPatchDeleteExample" time="4.958" errors="0" timestamp="2025-02-06T12:45:50 IST" skipped="0">
  <testcase classname="tests.PutPatchDeleteExample" name="testPatch" time="0.699"/>
  <testcase classname="tests.PutPatchDeleteExample" name="testDelete" time="4.259"/>
</testsuite> <!-- tests.PutPatchDeleteExample -->
